2019-06-21 10:21:02,041 [INFO] [main] com.ddc.server.mapper.DDCProgramaMapperTest [StartupInfoLogger.java : 50] Starting DDCProgramaMapperTest on SKY-20180807JXC with PID 12840 (started by Administrator in C:\Users\Administrator\Documents\Tencent Files\1748808318\FileRecv\ddc-parent\ddc_server)
2019-06-21 10:21:02,081 [DEBUG] [main] com.ddc.server.mapper.DDCProgramaMapperTest [StartupInfoLogger.java : 53] Running with Spring Boot v2.1.5.RELEASE, Spring v5.1.7.RELEASE
2019-06-21 10:21:02,082 [INFO] [main] com.ddc.server.mapper.DDCProgramaMapperTest [SpringApplication.java : 675] No active profile set, falling back to default profiles: default
2019-06-21 10:21:08,612 [INFO] [main] o.s.c.s.PostProcessorRegistrationDelegate$BeanPostProcessorChecker [PostProcessorRegistrationDelegate.java : 330] Bean 'transactionalConfig' of type [com.ddc.server.config.db.TransactionalConfig$$EnhancerBySpringCGLIB$$4be9aaf] is not eligible for getting processed by all BeanPostProcessors (for example: not eligible for auto-proxying)
2019-06-21 10:21:08,829 [INFO] [main] o.s.c.s.PostProcessorRegistrationDelegate$BeanPostProcessorChecker [PostProcessorRegistrationDelegate.java : 330] Bean 'org.springframework.transaction.annotation.ProxyTransactionManagementConfiguration' of type [org.springframework.transaction.annotation.ProxyTransactionManagementConfiguration$$EnhancerBySpringCGLIB$$25450a76] is not eligible for getting processed by all BeanPostProcessors (for example: not eligible for auto-proxying)
2019-06-21 10:21:08,903 [INFO] [main] o.s.c.s.PostProcessorRegistrationDelegate$BeanPostProcessorChecker [PostProcessorRegistrationDelegate.java : 330] Bean 'shiroConfig' of type [com.ddc.server.shiro.ShiroConfig$$EnhancerBySpringCGLIB$$b6e7ea3e] is not eligible for getting processed by all BeanPostProcessors (for example: not eligible for auto-proxying)
2019-06-21 10:21:08,973 [INFO] [main] o.s.c.s.PostProcessorRegistrationDelegate$BeanPostProcessorChecker [PostProcessorRegistrationDelegate.java : 330] Bean 'hashedCredentialsMatcher' of type [org.apache.shiro.authc.credential.HashedCredentialsMatcher] is not eligible for getting processed by all BeanPostProcessors (for example: not eligible for auto-proxying)
2019-06-21 10:21:08,997 [INFO] [main] o.s.c.s.PostProcessorRegistrationDelegate$BeanPostProcessorChecker [PostProcessorRegistrationDelegate.java : 330] Bean 'myRealm' of type [com.ddc.server.shiro.MyRealm] is not eligible for getting processed by all BeanPostProcessors (for example: not eligible for auto-proxying)
2019-06-21 10:21:10,223 [INFO] [main] o.s.c.s.PostProcessorRegistrationDelegate$BeanPostProcessorChecker [PostProcessorRegistrationDelegate.java : 330] Bean 'securityManager' of type [org.apache.shiro.web.mgt.DefaultWebSecurityManager] is not eligible for getting processed by all BeanPostProcessors (for example: not eligible for auto-proxying)
2019-06-21 10:21:10,269 [INFO] [main] o.s.c.s.PostProcessorRegistrationDelegate$BeanPostProcessorChecker [PostProcessorRegistrationDelegate.java : 330] Bean 'org.springframework.hateoas.config.HateoasConfiguration' of type [org.springframework.hateoas.config.HateoasConfiguration$$EnhancerBySpringCGLIB$$a4c557a8] is not eligible for getting processed by all BeanPostProcessors (for example: not eligible for auto-proxying)
2019-06-21 10:21:17,617 [INFO] [main] com.alibaba.druid.pool.DruidDataSource [DruidDataSource.java : 932] {dataSource-1} inited
2019-06-21 10:21:19,525 [INFO] [main] o.s.scheduling.concurrent.ThreadPoolTaskExecutor [ExecutorConfigurationSupport.java : 171] Initializing ExecutorService 'taskExecutor'
2019-06-21 10:21:19,532 [INFO] [main] o.s.scheduling.concurrent.ThreadPoolTaskExecutor [ExecutorConfigurationSupport.java : 171] Initializing ExecutorService
2019-06-21 10:21:19,534 [INFO] [main] o.s.scheduling.concurrent.ThreadPoolTaskExecutor [ExecutorConfigurationSupport.java : 171] Initializing ExecutorService 'taskAsyncPool'
2019-06-21 10:21:21,857 [INFO] [main] o.s.boot.autoconfigure.web.servlet.WelcomePageHandlerMapping [WelcomePageHandlerMapping.java : 61] Adding welcome page template: index
2019-06-21 10:21:22,847 [INFO] [main] com.ddc.server.mapper.DDCProgramaMapperTest [StartupInfoLogger.java : 59] Started DDCProgramaMapperTest in 22.72 seconds (JVM running for 26.077)
2019-06-21 10:21:22,873 [INFO] [main] com.ddc.server.config.web.PassUrlScanner [PassUrlScanner.java : 39] @Pass:[Constant.URLInfo(url=/index, className=com.ddc.server.controller.IndexController, pass=true, method=index, methodType=org.springframework.web.bind.annotation.RequestMapping)]
2019-06-21 10:21:22,874 [INFO] [main] com.ddc.server.config.web.PassUrlScanner [PassUrlScanner.java : 40] @Pass size:1
2019-06-21 10:21:24,390 [DEBUG] [main] com.ddc.server.mapper.DDCProgramaMapper.insert [BaseJdbcLogger.java : 159] ==>  Preparing: INSERT INTO ddc_programa ( `name`, `type`, create_by, create_time, update_by, update_time ) VALUES ( ?, ?, ?, ?, ?, ? ) 
2019-06-21 10:21:24,881 [DEBUG] [main] com.ddc.server.mapper.DDCProgramaMapper.insert [BaseJdbcLogger.java : 159] ==> Parameters: 栏目0(String), 文章(String), 0(Long), 1561083684312(Long), 0(Long), 1561083684312(Long)
2019-06-21 10:21:25,383 [DEBUG] [main] com.ddc.server.mapper.DDCProgramaMapper.insert [BaseJdbcLogger.java : 159] <==    Updates: 1
2019-06-21 10:21:25,415 [DEBUG] [main] com.ddc.server.mapper.DDCProgramaMapper.insert [BaseJdbcLogger.java : 159] ==>  Preparing: INSERT INTO ddc_programa ( `name`, `type`, create_by, create_time, update_by, update_time ) VALUES ( ?, ?, ?, ?, ?, ? ) 
2019-06-21 10:21:25,417 [DEBUG] [main] com.ddc.server.mapper.DDCProgramaMapper.insert [BaseJdbcLogger.java : 159] ==> Parameters: 栏目1(String), 文章(String), 0(Long), 1561083685414(Long), 0(Long), 1561083685414(Long)
2019-06-21 10:21:25,583 [DEBUG] [main] com.ddc.server.mapper.DDCProgramaMapper.insert [BaseJdbcLogger.java : 159] <==    Updates: 1
2019-06-21 10:21:25,590 [DEBUG] [main] com.ddc.server.mapper.DDCProgramaMapper.insert [BaseJdbcLogger.java : 159] ==>  Preparing: INSERT INTO ddc_programa ( `name`, `type`, create_by, create_time, update_by, update_time ) VALUES ( ?, ?, ?, ?, ?, ? ) 
2019-06-21 10:21:25,593 [DEBUG] [main] com.ddc.server.mapper.DDCProgramaMapper.insert [BaseJdbcLogger.java : 159] ==> Parameters: 栏目2(String), 文章(String), 0(Long), 1561083685587(Long), 0(Long), 1561083685587(Long)
2019-06-21 10:21:25,666 [DEBUG] [main] com.ddc.server.mapper.DDCProgramaMapper.insert [BaseJdbcLogger.java : 159] <==    Updates: 1
2019-06-21 10:21:25,672 [DEBUG] [main] com.ddc.server.mapper.DDCProgramaMapper.insert [BaseJdbcLogger.java : 159] ==>  Preparing: INSERT INTO ddc_programa ( `name`, `type`, create_by, create_time, update_by, update_time ) VALUES ( ?, ?, ?, ?, ?, ? ) 
2019-06-21 10:21:25,675 [DEBUG] [main] com.ddc.server.mapper.DDCProgramaMapper.insert [BaseJdbcLogger.java : 159] ==> Parameters: 栏目3(String), 文章(String), 0(Long), 1561083685670(Long), 0(Long), 1561083685670(Long)
2019-06-21 10:21:25,839 [DEBUG] [main] com.ddc.server.mapper.DDCProgramaMapper.insert [BaseJdbcLogger.java : 159] <==    Updates: 1
2019-06-21 10:21:25,841 [DEBUG] [main] com.ddc.server.mapper.DDCProgramaMapper.insert [BaseJdbcLogger.java : 159] ==>  Preparing: INSERT INTO ddc_programa ( `name`, `type`, create_by, create_time, update_by, update_time ) VALUES ( ?, ?, ?, ?, ?, ? ) 
2019-06-21 10:21:25,843 [DEBUG] [main] com.ddc.server.mapper.DDCProgramaMapper.insert [BaseJdbcLogger.java : 159] ==> Parameters: 栏目4(String), 文章(String), 0(Long), 1561083685840(Long), 0(Long), 1561083685840(Long)
2019-06-21 10:21:26,094 [DEBUG] [main] com.ddc.server.mapper.DDCProgramaMapper.insert [BaseJdbcLogger.java : 159] <==    Updates: 1
2019-06-21 10:21:26,104 [DEBUG] [main] com.ddc.server.mapper.DDCProgramaMapper.insert [BaseJdbcLogger.java : 159] ==>  Preparing: INSERT INTO ddc_programa ( `name`, `type`, create_by, create_time, update_by, update_time ) VALUES ( ?, ?, ?, ?, ?, ? ) 
2019-06-21 10:21:26,108 [DEBUG] [main] com.ddc.server.mapper.DDCProgramaMapper.insert [BaseJdbcLogger.java : 159] ==> Parameters: 栏目5(String), 文章(String), 0(Long), 1561083686098(Long), 0(Long), 1561083686098(Long)
2019-06-21 10:21:26,199 [DEBUG] [main] com.ddc.server.mapper.DDCProgramaMapper.insert [BaseJdbcLogger.java : 159] <==    Updates: 1
2019-06-21 10:21:26,206 [DEBUG] [main] com.ddc.server.mapper.DDCProgramaMapper.insert [BaseJdbcLogger.java : 159] ==>  Preparing: INSERT INTO ddc_programa ( `name`, `type`, create_by, create_time, update_by, update_time ) VALUES ( ?, ?, ?, ?, ?, ? ) 
2019-06-21 10:21:26,208 [DEBUG] [main] com.ddc.server.mapper.DDCProgramaMapper.insert [BaseJdbcLogger.java : 159] ==> Parameters: 栏目6(String), 文章(String), 0(Long), 1561083686203(Long), 0(Long), 1561083686203(Long)
2019-06-21 10:21:26,355 [DEBUG] [main] com.ddc.server.mapper.DDCProgramaMapper.insert [BaseJdbcLogger.java : 159] <==    Updates: 1
2019-06-21 10:21:26,363 [DEBUG] [main] com.ddc.server.mapper.DDCProgramaMapper.insert [BaseJdbcLogger.java : 159] ==>  Preparing: INSERT INTO ddc_programa ( `name`, `type`, create_by, create_time, update_by, update_time ) VALUES ( ?, ?, ?, ?, ?, ? ) 
2019-06-21 10:21:26,367 [DEBUG] [main] com.ddc.server.mapper.DDCProgramaMapper.insert [BaseJdbcLogger.java : 159] ==> Parameters: 栏目7(String), 文章(String), 0(Long), 1561083686358(Long), 0(Long), 1561083686358(Long)
2019-06-21 10:21:26,461 [DEBUG] [main] com.ddc.server.mapper.DDCProgramaMapper.insert [BaseJdbcLogger.java : 159] <==    Updates: 1
2019-06-21 10:21:26,468 [DEBUG] [main] com.ddc.server.mapper.DDCProgramaMapper.insert [BaseJdbcLogger.java : 159] ==>  Preparing: INSERT INTO ddc_programa ( `name`, `type`, create_by, create_time, update_by, update_time ) VALUES ( ?, ?, ?, ?, ?, ? ) 
2019-06-21 10:21:26,473 [DEBUG] [main] com.ddc.server.mapper.DDCProgramaMapper.insert [BaseJdbcLogger.java : 159] ==> Parameters: 栏目8(String), 文章(String), 0(Long), 1561083686465(Long), 0(Long), 1561083686465(Long)
2019-06-21 10:21:26,528 [DEBUG] [main] com.ddc.server.mapper.DDCProgramaMapper.insert [BaseJdbcLogger.java : 159] <==    Updates: 1
2019-06-21 10:21:26,538 [DEBUG] [main] com.ddc.server.mapper.DDCProgramaMapper.insert [BaseJdbcLogger.java : 159] ==>  Preparing: INSERT INTO ddc_programa ( `name`, `type`, create_by, create_time, update_by, update_time ) VALUES ( ?, ?, ?, ?, ?, ? ) 
2019-06-21 10:21:26,542 [DEBUG] [main] com.ddc.server.mapper.DDCProgramaMapper.insert [BaseJdbcLogger.java : 159] ==> Parameters: 栏目9(String), 文章(String), 0(Long), 1561083686534(Long), 0(Long), 1561083686534(Long)
2019-06-21 10:21:26,913 [DEBUG] [main] com.ddc.server.mapper.DDCProgramaMapper.insert [BaseJdbcLogger.java : 159] <==    Updates: 1
2019-06-21 10:21:26,921 [DEBUG] [main] com.ddc.server.mapper.DDCProgramaMapper.insert [BaseJdbcLogger.java : 159] ==>  Preparing: INSERT INTO ddc_programa ( `name`, `type`, create_by, create_time, update_by, update_time ) VALUES ( ?, ?, ?, ?, ?, ? ) 
2019-06-21 10:21:26,931 [DEBUG] [main] com.ddc.server.mapper.DDCProgramaMapper.insert [BaseJdbcLogger.java : 159] ==> Parameters: 栏目10(String), 文章(String), 0(Long), 1561083686917(Long), 0(Long), 1561083686917(Long)
2019-06-21 10:21:26,993 [DEBUG] [main] com.ddc.server.mapper.DDCProgramaMapper.insert [BaseJdbcLogger.java : 159] <==    Updates: 1
2019-06-21 10:21:26,998 [DEBUG] [main] com.ddc.server.mapper.DDCProgramaMapper.insert [BaseJdbcLogger.java : 159] ==>  Preparing: INSERT INTO ddc_programa ( `name`, `type`, create_by, create_time, update_by, update_time ) VALUES ( ?, ?, ?, ?, ?, ? ) 
2019-06-21 10:21:27,000 [DEBUG] [main] com.ddc.server.mapper.DDCProgramaMapper.insert [BaseJdbcLogger.java : 159] ==> Parameters: 栏目11(String), 文章(String), 0(Long), 1561083686996(Long), 0(Long), 1561083686996(Long)
2019-06-21 10:21:27,161 [DEBUG] [main] com.ddc.server.mapper.DDCProgramaMapper.insert [BaseJdbcLogger.java : 159] <==    Updates: 1
2019-06-21 10:21:27,170 [DEBUG] [main] com.ddc.server.mapper.DDCProgramaMapper.insert [BaseJdbcLogger.java : 159] ==>  Preparing: INSERT INTO ddc_programa ( `name`, `type`, create_by, create_time, update_by, update_time ) VALUES ( ?, ?, ?, ?, ?, ? ) 
2019-06-21 10:21:27,173 [DEBUG] [main] com.ddc.server.mapper.DDCProgramaMapper.insert [BaseJdbcLogger.java : 159] ==> Parameters: 栏目12(String), 文章(String), 0(Long), 1561083687165(Long), 0(Long), 1561083687165(Long)
2019-06-21 10:21:27,259 [DEBUG] [main] com.ddc.server.mapper.DDCProgramaMapper.insert [BaseJdbcLogger.java : 159] <==    Updates: 1
2019-06-21 10:21:27,261 [DEBUG] [main] com.ddc.server.mapper.DDCProgramaMapper.insert [BaseJdbcLogger.java : 159] ==>  Preparing: INSERT INTO ddc_programa ( `name`, `type`, create_by, create_time, update_by, update_time ) VALUES ( ?, ?, ?, ?, ?, ? ) 
2019-06-21 10:21:27,262 [DEBUG] [main] com.ddc.server.mapper.DDCProgramaMapper.insert [BaseJdbcLogger.java : 159] ==> Parameters: 栏目13(String), 文章(String), 0(Long), 1561083687260(Long), 0(Long), 1561083687260(Long)
2019-06-21 10:21:27,330 [DEBUG] [main] com.ddc.server.mapper.DDCProgramaMapper.insert [BaseJdbcLogger.java : 159] <==    Updates: 1
2019-06-21 10:21:27,333 [DEBUG] [main] com.ddc.server.mapper.DDCProgramaMapper.insert [BaseJdbcLogger.java : 159] ==>  Preparing: INSERT INTO ddc_programa ( `name`, `type`, create_by, create_time, update_by, update_time ) VALUES ( ?, ?, ?, ?, ?, ? ) 
2019-06-21 10:21:27,333 [DEBUG] [main] com.ddc.server.mapper.DDCProgramaMapper.insert [BaseJdbcLogger.java : 159] ==> Parameters: 栏目14(String), 文章(String), 0(Long), 1561083687331(Long), 0(Long), 1561083687331(Long)
2019-06-21 10:21:27,426 [DEBUG] [main] com.ddc.server.mapper.DDCProgramaMapper.insert [BaseJdbcLogger.java : 159] <==    Updates: 1
2019-06-21 10:21:27,432 [DEBUG] [main] com.ddc.server.mapper.DDCProgramaMapper.insert [BaseJdbcLogger.java : 159] ==>  Preparing: INSERT INTO ddc_programa ( `name`, `type`, create_by, create_time, update_by, update_time ) VALUES ( ?, ?, ?, ?, ?, ? ) 
2019-06-21 10:21:27,434 [DEBUG] [main] com.ddc.server.mapper.DDCProgramaMapper.insert [BaseJdbcLogger.java : 159] ==> Parameters: 栏目15(String), 文章(String), 0(Long), 1561083687429(Long), 0(Long), 1561083687429(Long)
2019-06-21 10:21:27,546 [DEBUG] [main] com.ddc.server.mapper.DDCProgramaMapper.insert [BaseJdbcLogger.java : 159] <==    Updates: 1
2019-06-21 10:21:27,556 [DEBUG] [main] com.ddc.server.mapper.DDCProgramaMapper.insert [BaseJdbcLogger.java : 159] ==>  Preparing: INSERT INTO ddc_programa ( `name`, `type`, create_by, create_time, update_by, update_time ) VALUES ( ?, ?, ?, ?, ?, ? ) 
2019-06-21 10:21:27,561 [DEBUG] [main] com.ddc.server.mapper.DDCProgramaMapper.insert [BaseJdbcLogger.java : 159] ==> Parameters: 栏目16(String), 文章(String), 0(Long), 1561083687552(Long), 0(Long), 1561083687552(Long)
2019-06-21 10:21:27,627 [DEBUG] [main] com.ddc.server.mapper.DDCProgramaMapper.insert [BaseJdbcLogger.java : 159] <==    Updates: 1
2019-06-21 10:21:27,632 [DEBUG] [main] com.ddc.server.mapper.DDCProgramaMapper.insert [BaseJdbcLogger.java : 159] ==>  Preparing: INSERT INTO ddc_programa ( `name`, `type`, create_by, create_time, update_by, update_time ) VALUES ( ?, ?, ?, ?, ?, ? ) 
2019-06-21 10:21:27,634 [DEBUG] [main] com.ddc.server.mapper.DDCProgramaMapper.insert [BaseJdbcLogger.java : 159] ==> Parameters: 栏目17(String), 文章(String), 0(Long), 1561083687630(Long), 0(Long), 1561083687630(Long)
2019-06-21 10:21:27,852 [DEBUG] [main] com.ddc.server.mapper.DDCProgramaMapper.insert [BaseJdbcLogger.java : 159] <==    Updates: 1
2019-06-21 10:21:27,861 [DEBUG] [main] com.ddc.server.mapper.DDCProgramaMapper.insert [BaseJdbcLogger.java : 159] ==>  Preparing: INSERT INTO ddc_programa ( `name`, `type`, create_by, create_time, update_by, update_time ) VALUES ( ?, ?, ?, ?, ?, ? ) 
2019-06-21 10:21:27,865 [DEBUG] [main] com.ddc.server.mapper.DDCProgramaMapper.insert [BaseJdbcLogger.java : 159] ==> Parameters: 栏目18(String), 文章(String), 0(Long), 1561083687857(Long), 0(Long), 1561083687857(Long)
2019-06-21 10:21:27,963 [DEBUG] [main] com.ddc.server.mapper.DDCProgramaMapper.insert [BaseJdbcLogger.java : 159] <==    Updates: 1
2019-06-21 10:21:27,968 [DEBUG] [main] com.ddc.server.mapper.DDCProgramaMapper.insert [BaseJdbcLogger.java : 159] ==>  Preparing: INSERT INTO ddc_programa ( `name`, `type`, create_by, create_time, update_by, update_time ) VALUES ( ?, ?, ?, ?, ?, ? ) 
2019-06-21 10:21:27,970 [DEBUG] [main] com.ddc.server.mapper.DDCProgramaMapper.insert [BaseJdbcLogger.java : 159] ==> Parameters: 栏目19(String), 文章(String), 0(Long), 1561083687965(Long), 0(Long), 1561083687965(Long)
2019-06-21 10:21:28,086 [DEBUG] [main] com.ddc.server.mapper.DDCProgramaMapper.insert [BaseJdbcLogger.java : 159] <==    Updates: 1
2019-06-21 10:21:28,090 [DEBUG] [main] com.ddc.server.mapper.DDCProgramaMapper.insert [BaseJdbcLogger.java : 159] ==>  Preparing: INSERT INTO ddc_programa ( `name`, `type`, create_by, create_time, update_by, update_time ) VALUES ( ?, ?, ?, ?, ?, ? ) 
2019-06-21 10:21:28,092 [DEBUG] [main] com.ddc.server.mapper.DDCProgramaMapper.insert [BaseJdbcLogger.java : 159] ==> Parameters: 栏目20(String), 文章(String), 0(Long), 1561083688088(Long), 0(Long), 1561083688088(Long)
2019-06-21 10:21:28,174 [DEBUG] [main] com.ddc.server.mapper.DDCProgramaMapper.insert [BaseJdbcLogger.java : 159] <==    Updates: 1
2019-06-21 10:21:28,176 [DEBUG] [main] com.ddc.server.mapper.DDCProgramaMapper.insert [BaseJdbcLogger.java : 159] ==>  Preparing: INSERT INTO ddc_programa ( `name`, `type`, create_by, create_time, update_by, update_time ) VALUES ( ?, ?, ?, ?, ?, ? ) 
2019-06-21 10:21:28,177 [DEBUG] [main] com.ddc.server.mapper.DDCProgramaMapper.insert [BaseJdbcLogger.java : 159] ==> Parameters: 栏目21(String), 文章(String), 0(Long), 1561083688175(Long), 0(Long), 1561083688175(Long)
2019-06-21 10:21:28,240 [DEBUG] [main] com.ddc.server.mapper.DDCProgramaMapper.insert [BaseJdbcLogger.java : 159] <==    Updates: 1
2019-06-21 10:21:28,244 [DEBUG] [main] com.ddc.server.mapper.DDCProgramaMapper.insert [BaseJdbcLogger.java : 159] ==>  Preparing: INSERT INTO ddc_programa ( `name`, `type`, create_by, create_time, update_by, update_time ) VALUES ( ?, ?, ?, ?, ?, ? ) 
2019-06-21 10:21:28,245 [DEBUG] [main] com.ddc.server.mapper.DDCProgramaMapper.insert [BaseJdbcLogger.java : 159] ==> Parameters: 栏目22(String), 文章(String), 0(Long), 1561083688242(Long), 0(Long), 1561083688242(Long)
2019-06-21 10:21:28,340 [DEBUG] [main] com.ddc.server.mapper.DDCProgramaMapper.insert [BaseJdbcLogger.java : 159] <==    Updates: 1
2019-06-21 10:21:28,346 [DEBUG] [main] com.ddc.server.mapper.DDCProgramaMapper.insert [BaseJdbcLogger.java : 159] ==>  Preparing: INSERT INTO ddc_programa ( `name`, `type`, create_by, create_time, update_by, update_time ) VALUES ( ?, ?, ?, ?, ?, ? ) 
2019-06-21 10:21:28,348 [DEBUG] [main] com.ddc.server.mapper.DDCProgramaMapper.insert [BaseJdbcLogger.java : 159] ==> Parameters: 栏目23(String), 文章(String), 0(Long), 1561083688344(Long), 0(Long), 1561083688344(Long)
2019-06-21 10:21:28,425 [DEBUG] [main] com.ddc.server.mapper.DDCProgramaMapper.insert [BaseJdbcLogger.java : 159] <==    Updates: 1
2019-06-21 10:21:28,430 [DEBUG] [main] com.ddc.server.mapper.DDCProgramaMapper.insert [BaseJdbcLogger.java : 159] ==>  Preparing: INSERT INTO ddc_programa ( `name`, `type`, create_by, create_time, update_by, update_time ) VALUES ( ?, ?, ?, ?, ?, ? ) 
2019-06-21 10:21:28,432 [DEBUG] [main] com.ddc.server.mapper.DDCProgramaMapper.insert [BaseJdbcLogger.java : 159] ==> Parameters: 栏目24(String), 文章(String), 0(Long), 1561083688428(Long), 0(Long), 1561083688428(Long)
2019-06-21 10:21:28,502 [DEBUG] [main] com.ddc.server.mapper.DDCProgramaMapper.insert [BaseJdbcLogger.java : 159] <==    Updates: 1
2019-06-21 10:21:28,560 [INFO] [Thread-2] o.s.scheduling.concurrent.ThreadPoolTaskExecutor [ExecutorConfigurationSupport.java : 208] Shutting down ExecutorService 'taskAsyncPool'
2019-06-21 10:21:28,561 [INFO] [Thread-2] o.s.scheduling.concurrent.ThreadPoolTaskExecutor [ExecutorConfigurationSupport.java : 208] Shutting down ExecutorService 'taskExecutor'
2019-06-21 10:21:28,593 [INFO] [Thread-2] com.alibaba.druid.pool.DruidDataSource [DruidDataSource.java : 1712] {dataSource-1} closed
2019-06-21 10:24:10,196 [INFO] [main] com.ddc.server.mapper.DDCProgramaMapperTest [StartupInfoLogger.java : 50] Starting DDCProgramaMapperTest on SKY-20180807JXC with PID 11484 (started by Administrator in C:\Users\Administrator\Documents\Tencent Files\1748808318\FileRecv\ddc-parent\ddc_server)
2019-06-21 10:24:10,203 [DEBUG] [main] com.ddc.server.mapper.DDCProgramaMapperTest [StartupInfoLogger.java : 53] Running with Spring Boot v2.1.5.RELEASE, Spring v5.1.7.RELEASE
2019-06-21 10:24:10,204 [INFO] [main] com.ddc.server.mapper.DDCProgramaMapperTest [SpringApplication.java : 675] No active profile set, falling back to default profiles: default
2019-06-21 10:54:17,842 [INFO] [main] com.ddc.server.mapper.DDCProgramaMapperTest [StartupInfoLogger.java : 50] Starting DDCProgramaMapperTest on SKY-20180807JXC with PID 12412 (started by Administrator in C:\Users\Administrator\Documents\Tencent Files\1748808318\FileRecv\ddc-parent\ddc_server)
2019-06-21 10:54:17,886 [DEBUG] [main] com.ddc.server.mapper.DDCProgramaMapperTest [StartupInfoLogger.java : 53] Running with Spring Boot v2.1.5.RELEASE, Spring v5.1.7.RELEASE
2019-06-21 10:54:17,887 [INFO] [main] com.ddc.server.mapper.DDCProgramaMapperTest [SpringApplication.java : 675] No active profile set, falling back to default profiles: default
2019-06-21 10:54:21,242 [INFO] [main] o.s.c.s.PostProcessorRegistrationDelegate$BeanPostProcessorChecker [PostProcessorRegistrationDelegate.java : 330] Bean 'transactionalConfig' of type [com.ddc.server.config.db.TransactionalConfig$$EnhancerBySpringCGLIB$$a3473cdd] is not eligible for getting processed by all BeanPostProcessors (for example: not eligible for auto-proxying)
2019-06-21 10:54:21,610 [INFO] [main] o.s.c.s.PostProcessorRegistrationDelegate$BeanPostProcessorChecker [PostProcessorRegistrationDelegate.java : 330] Bean 'org.springframework.transaction.annotation.ProxyTransactionManagementConfiguration' of type [org.springframework.transaction.annotation.ProxyTransactionManagementConfiguration$$EnhancerBySpringCGLIB$$c3cdaca4] is not eligible for getting processed by all BeanPostProcessors (for example: not eligible for auto-proxying)
2019-06-21 10:54:21,718 [INFO] [main] o.s.c.s.PostProcessorRegistrationDelegate$BeanPostProcessorChecker [PostProcessorRegistrationDelegate.java : 330] Bean 'shiroConfig' of type [com.ddc.server.shiro.ShiroConfig$$EnhancerBySpringCGLIB$$55708c6c] is not eligible for getting processed by all BeanPostProcessors (for example: not eligible for auto-proxying)
2019-06-21 10:54:21,766 [INFO] [main] o.s.c.s.PostProcessorRegistrationDelegate$BeanPostProcessorChecker [PostProcessorRegistrationDelegate.java : 330] Bean 'hashedCredentialsMatcher' of type [org.apache.shiro.authc.credential.HashedCredentialsMatcher] is not eligible for getting processed by all BeanPostProcessors (for example: not eligible for auto-proxying)
2019-06-21 10:54:21,795 [INFO] [main] o.s.c.s.PostProcessorRegistrationDelegate$BeanPostProcessorChecker [PostProcessorRegistrationDelegate.java : 330] Bean 'myRealm' of type [com.ddc.server.shiro.MyRealm] is not eligible for getting processed by all BeanPostProcessors (for example: not eligible for auto-proxying)
2019-06-21 10:54:24,176 [INFO] [main] o.s.c.s.PostProcessorRegistrationDelegate$BeanPostProcessorChecker [PostProcessorRegistrationDelegate.java : 330] Bean 'securityManager' of type [org.apache.shiro.web.mgt.DefaultWebSecurityManager] is not eligible for getting processed by all BeanPostProcessors (for example: not eligible for auto-proxying)
2019-06-21 10:54:24,230 [INFO] [main] o.s.c.s.PostProcessorRegistrationDelegate$BeanPostProcessorChecker [PostProcessorRegistrationDelegate.java : 330] Bean 'org.springframework.hateoas.config.HateoasConfiguration' of type [org.springframework.hateoas.config.HateoasConfiguration$$EnhancerBySpringCGLIB$$434df9d6] is not eligible for getting processed by all BeanPostProcessors (for example: not eligible for auto-proxying)
2019-06-21 10:54:28,674 [INFO] [main] com.alibaba.druid.pool.DruidDataSource [DruidDataSource.java : 932] {dataSource-1} inited
2019-06-21 10:54:30,095 [INFO] [main] o.s.scheduling.concurrent.ThreadPoolTaskExecutor [ExecutorConfigurationSupport.java : 171] Initializing ExecutorService 'taskExecutor'
2019-06-21 10:54:30,106 [INFO] [main] o.s.scheduling.concurrent.ThreadPoolTaskExecutor [ExecutorConfigurationSupport.java : 171] Initializing ExecutorService
2019-06-21 10:54:30,108 [INFO] [main] o.s.scheduling.concurrent.ThreadPoolTaskExecutor [ExecutorConfigurationSupport.java : 171] Initializing ExecutorService 'taskAsyncPool'
2019-06-21 10:54:32,150 [INFO] [main] o.s.boot.autoconfigure.web.servlet.WelcomePageHandlerMapping [WelcomePageHandlerMapping.java : 61] Adding welcome page template: index
2019-06-21 10:54:33,118 [INFO] [main] com.ddc.server.mapper.DDCProgramaMapperTest [StartupInfoLogger.java : 59] Started DDCProgramaMapperTest in 16.387 seconds (JVM running for 19.864)
2019-06-21 10:54:33,137 [INFO] [main] com.ddc.server.config.web.PassUrlScanner [PassUrlScanner.java : 39] @Pass:[Constant.URLInfo(url=/index, className=com.ddc.server.controller.IndexController, pass=true, method=index, methodType=org.springframework.web.bind.annotation.RequestMapping)]
2019-06-21 10:54:33,138 [INFO] [main] com.ddc.server.config.web.PassUrlScanner [PassUrlScanner.java : 40] @Pass size:1
2019-06-21 10:54:34,756 [DEBUG] [main] com.ddc.server.mapper.DDCProgramaMapper.insert [BaseJdbcLogger.java : 159] ==>  Preparing: INSERT INTO ddc_programa ( `name`, `type`, create_by, create_time, update_by, update_time ) VALUES ( ?, ?, ?, ?, ?, ? ) 
2019-06-21 10:54:35,373 [DEBUG] [main] com.ddc.server.mapper.DDCProgramaMapper.insert [BaseJdbcLogger.java : 159] ==> Parameters: 栏目0(String), 文章(String), 0(Long), 1561085674599(Long), 0(Long), 1561085674599(Long)
2019-06-21 10:54:35,762 [INFO] [Thread-2] o.s.scheduling.concurrent.ThreadPoolTaskExecutor [ExecutorConfigurationSupport.java : 208] Shutting down ExecutorService 'taskAsyncPool'
2019-06-21 10:54:35,763 [INFO] [Thread-2] o.s.scheduling.concurrent.ThreadPoolTaskExecutor [ExecutorConfigurationSupport.java : 208] Shutting down ExecutorService 'taskExecutor'
2019-06-21 10:54:35,773 [INFO] [Thread-2] com.alibaba.druid.pool.DruidDataSource [DruidDataSource.java : 1712] {dataSource-1} closed
2019-06-21 11:00:23,938 [INFO] [main] com.ddc.server.mapper.DDCProgramaMapperTest [StartupInfoLogger.java : 50] Starting DDCProgramaMapperTest on SKY-20180807JXC with PID 5132 (started by Administrator in C:\Users\Administrator\Documents\Tencent Files\1748808318\FileRecv\ddc-parent\ddc_server)
2019-06-21 11:00:23,941 [DEBUG] [main] com.ddc.server.mapper.DDCProgramaMapperTest [StartupInfoLogger.java : 53] Running with Spring Boot v2.1.5.RELEASE, Spring v5.1.7.RELEASE
2019-06-21 11:00:23,943 [INFO] [main] com.ddc.server.mapper.DDCProgramaMapperTest [SpringApplication.java : 675] No active profile set, falling back to default profiles: default
2019-06-21 11:00:30,008 [INFO] [main] o.s.c.s.PostProcessorRegistrationDelegate$BeanPostProcessorChecker [PostProcessorRegistrationDelegate.java : 330] Bean 'transactionalConfig' of type [com.ddc.server.config.db.TransactionalConfig$$EnhancerBySpringCGLIB$$7c3f22d4] is not eligible for getting processed by all BeanPostProcessors (for example: not eligible for auto-proxying)
2019-06-21 11:00:30,226 [INFO] [main] o.s.c.s.PostProcessorRegistrationDelegate$BeanPostProcessorChecker [PostProcessorRegistrationDelegate.java : 330] Bean 'org.springframework.transaction.annotation.ProxyTransactionManagementConfiguration' of type [org.springframework.transaction.annotation.ProxyTransactionManagementConfiguration$$EnhancerBySpringCGLIB$$9cc5929b] is not eligible for getting processed by all BeanPostProcessors (for example: not eligible for auto-proxying)
2019-06-21 11:00:30,315 [INFO] [main] o.s.c.s.PostProcessorRegistrationDelegate$BeanPostProcessorChecker [PostProcessorRegistrationDelegate.java : 330] Bean 'shiroConfig' of type [com.ddc.server.shiro.ShiroConfig$$EnhancerBySpringCGLIB$$2e687263] is not eligible for getting processed by all BeanPostProcessors (for example: not eligible for auto-proxying)
2019-06-21 11:00:30,351 [INFO] [main] o.s.c.s.PostProcessorRegistrationDelegate$BeanPostProcessorChecker [PostProcessorRegistrationDelegate.java : 330] Bean 'hashedCredentialsMatcher' of type [org.apache.shiro.authc.credential.HashedCredentialsMatcher] is not eligible for getting processed by all BeanPostProcessors (for example: not eligible for auto-proxying)
2019-06-21 11:00:30,384 [INFO] [main] o.s.c.s.PostProcessorRegistrationDelegate$BeanPostProcessorChecker [PostProcessorRegistrationDelegate.java : 330] Bean 'myRealm' of type [com.ddc.server.shiro.MyRealm] is not eligible for getting processed by all BeanPostProcessors (for example: not eligible for auto-proxying)
2019-06-21 11:00:31,355 [INFO] [main] o.s.c.s.PostProcessorRegistrationDelegate$BeanPostProcessorChecker [PostProcessorRegistrationDelegate.java : 330] Bean 'securityManager' of type [org.apache.shiro.web.mgt.DefaultWebSecurityManager] is not eligible for getting processed by all BeanPostProcessors (for example: not eligible for auto-proxying)
2019-06-21 11:00:31,405 [INFO] [main] o.s.c.s.PostProcessorRegistrationDelegate$BeanPostProcessorChecker [PostProcessorRegistrationDelegate.java : 330] Bean 'org.springframework.hateoas.config.HateoasConfiguration' of type [org.springframework.hateoas.config.HateoasConfiguration$$EnhancerBySpringCGLIB$$1c45dfcd] is not eligible for getting processed by all BeanPostProcessors (for example: not eligible for auto-proxying)
2019-06-21 11:00:33,899 [INFO] [main] com.alibaba.druid.pool.DruidDataSource [DruidDataSource.java : 932] {dataSource-1} inited
2019-06-21 11:00:35,262 [INFO] [main] o.s.scheduling.concurrent.ThreadPoolTaskExecutor [ExecutorConfigurationSupport.java : 171] Initializing ExecutorService 'taskExecutor'
2019-06-21 11:00:35,269 [INFO] [main] o.s.scheduling.concurrent.ThreadPoolTaskExecutor [ExecutorConfigurationSupport.java : 171] Initializing ExecutorService
2019-06-21 11:00:35,271 [INFO] [main] o.s.scheduling.concurrent.ThreadPoolTaskExecutor [ExecutorConfigurationSupport.java : 171] Initializing ExecutorService 'taskAsyncPool'
2019-06-21 11:00:36,784 [INFO] [main] o.s.boot.autoconfigure.web.servlet.WelcomePageHandlerMapping [WelcomePageHandlerMapping.java : 61] Adding welcome page template: index
2019-06-21 11:00:37,592 [INFO] [main] com.ddc.server.mapper.DDCProgramaMapperTest [StartupInfoLogger.java : 59] Started DDCProgramaMapperTest in 15.113 seconds (JVM running for 17.582)
2019-06-21 11:00:37,613 [INFO] [main] com.ddc.server.config.web.PassUrlScanner [PassUrlScanner.java : 39] @Pass:[Constant.URLInfo(url=/index, className=com.ddc.server.controller.IndexController, pass=true, method=index, methodType=org.springframework.web.bind.annotation.RequestMapping)]
2019-06-21 11:00:37,614 [INFO] [main] com.ddc.server.config.web.PassUrlScanner [PassUrlScanner.java : 40] @Pass size:1
2019-06-21 11:00:38,157 [DEBUG] [main] com.ddc.server.mapper.DDCProgramaMapper.insert [BaseJdbcLogger.java : 159] ==>  Preparing: INSERT INTO ddc_programa ( `name`, `type`, create_by, create_time, update_by, update_time ) VALUES ( ?, ?, ?, ?, ?, ? ) 
2019-06-21 11:00:38,375 [DEBUG] [main] com.ddc.server.mapper.DDCProgramaMapper.insert [BaseJdbcLogger.java : 159] ==> Parameters: 栏目0(String), 1(String), 0(Long), 1561086038068(Long), 0(Long), 1561086038068(Long)
2019-06-21 11:00:38,918 [DEBUG] [main] com.ddc.server.mapper.DDCProgramaMapper.insert [BaseJdbcLogger.java : 159] <==    Updates: 1
2019-06-21 11:00:38,932 [DEBUG] [main] com.ddc.server.mapper.DDCProgramaMapper.insert [BaseJdbcLogger.java : 159] ==>  Preparing: INSERT INTO ddc_programa ( `name`, `type`, create_by, create_time, update_by, update_time ) VALUES ( ?, ?, ?, ?, ?, ? ) 
2019-06-21 11:00:38,933 [DEBUG] [main] com.ddc.server.mapper.DDCProgramaMapper.insert [BaseJdbcLogger.java : 159] ==> Parameters: 栏目1(String), 1(String), 0(Long), 1561086038931(Long), 0(Long), 1561086038931(Long)
2019-06-21 11:00:39,018 [DEBUG] [main] com.ddc.server.mapper.DDCProgramaMapper.insert [BaseJdbcLogger.java : 159] <==    Updates: 1
2019-06-21 11:00:39,022 [DEBUG] [main] com.ddc.server.mapper.DDCProgramaMapper.insert [BaseJdbcLogger.java : 159] ==>  Preparing: INSERT INTO ddc_programa ( `name`, `type`, create_by, create_time, update_by, update_time ) VALUES ( ?, ?, ?, ?, ?, ? ) 
2019-06-21 11:00:39,024 [DEBUG] [main] com.ddc.server.mapper.DDCProgramaMapper.insert [BaseJdbcLogger.java : 159] ==> Parameters: 栏目2(String), 1(String), 0(Long), 1561086039020(Long), 0(Long), 1561086039020(Long)
2019-06-21 11:00:39,090 [DEBUG] [main] com.ddc.server.mapper.DDCProgramaMapper.insert [BaseJdbcLogger.java : 159] <==    Updates: 1
2019-06-21 11:00:39,094 [DEBUG] [main] com.ddc.server.mapper.DDCProgramaMapper.insert [BaseJdbcLogger.java : 159] ==>  Preparing: INSERT INTO ddc_programa ( `name`, `type`, create_by, create_time, update_by, update_time ) VALUES ( ?, ?, ?, ?, ?, ? ) 
2019-06-21 11:00:39,097 [DEBUG] [main] com.ddc.server.mapper.DDCProgramaMapper.insert [BaseJdbcLogger.java : 159] ==> Parameters: 栏目3(String), 1(String), 0(Long), 1561086039092(Long), 0(Long), 1561086039092(Long)
2019-06-21 11:00:39,195 [DEBUG] [main] com.ddc.server.mapper.DDCProgramaMapper.insert [BaseJdbcLogger.java : 159] <==    Updates: 1
2019-06-21 11:00:39,203 [DEBUG] [main] com.ddc.server.mapper.DDCProgramaMapper.insert [BaseJdbcLogger.java : 159] ==>  Preparing: INSERT INTO ddc_programa ( `name`, `type`, create_by, create_time, update_by, update_time ) VALUES ( ?, ?, ?, ?, ?, ? ) 
2019-06-21 11:00:39,205 [DEBUG] [main] com.ddc.server.mapper.DDCProgramaMapper.insert [BaseJdbcLogger.java : 159] ==> Parameters: 栏目4(String), 1(String), 0(Long), 1561086039199(Long), 0(Long), 1561086039199(Long)
2019-06-21 11:00:39,267 [DEBUG] [main] com.ddc.server.mapper.DDCProgramaMapper.insert [BaseJdbcLogger.java : 159] <==    Updates: 1
2019-06-21 11:00:39,276 [DEBUG] [main] com.ddc.server.mapper.DDCProgramaMapper.insert [BaseJdbcLogger.java : 159] ==>  Preparing: INSERT INTO ddc_programa ( `name`, `type`, create_by, create_time, update_by, update_time ) VALUES ( ?, ?, ?, ?, ?, ? ) 
2019-06-21 11:00:39,278 [DEBUG] [main] com.ddc.server.mapper.DDCProgramaMapper.insert [BaseJdbcLogger.java : 159] ==> Parameters: 栏目5(String), 1(String), 0(Long), 1561086039271(Long), 0(Long), 1561086039271(Long)
2019-06-21 11:00:39,378 [DEBUG] [main] com.ddc.server.mapper.DDCProgramaMapper.insert [BaseJdbcLogger.java : 159] <==    Updates: 1
2019-06-21 11:00:39,384 [DEBUG] [main] com.ddc.server.mapper.DDCProgramaMapper.insert [BaseJdbcLogger.java : 159] ==>  Preparing: INSERT INTO ddc_programa ( `name`, `type`, create_by, create_time, update_by, update_time ) VALUES ( ?, ?, ?, ?, ?, ? ) 
2019-06-21 11:00:39,386 [DEBUG] [main] com.ddc.server.mapper.DDCProgramaMapper.insert [BaseJdbcLogger.java : 159] ==> Parameters: 栏目6(String), 1(String), 0(Long), 1561086039382(Long), 0(Long), 1561086039382(Long)
2019-06-21 11:00:39,444 [DEBUG] [main] com.ddc.server.mapper.DDCProgramaMapper.insert [BaseJdbcLogger.java : 159] <==    Updates: 1
2019-06-21 11:00:39,453 [DEBUG] [main] com.ddc.server.mapper.DDCProgramaMapper.insert [BaseJdbcLogger.java : 159] ==>  Preparing: INSERT INTO ddc_programa ( `name`, `type`, create_by, create_time, update_by, update_time ) VALUES ( ?, ?, ?, ?, ?, ? ) 
2019-06-21 11:00:39,458 [DEBUG] [main] com.ddc.server.mapper.DDCProgramaMapper.insert [BaseJdbcLogger.java : 159] ==> Parameters: 栏目7(String), 1(String), 0(Long), 1561086039449(Long), 0(Long), 1561086039449(Long)
2019-06-21 11:00:39,572 [DEBUG] [main] com.ddc.server.mapper.DDCProgramaMapper.insert [BaseJdbcLogger.java : 159] <==    Updates: 1
2019-06-21 11:00:39,578 [DEBUG] [main] com.ddc.server.mapper.DDCProgramaMapper.insert [BaseJdbcLogger.java : 159] ==>  Preparing: INSERT INTO ddc_programa ( `name`, `type`, create_by, create_time, update_by, update_time ) VALUES ( ?, ?, ?, ?, ?, ? ) 
2019-06-21 11:00:39,581 [DEBUG] [main] com.ddc.server.mapper.DDCProgramaMapper.insert [BaseJdbcLogger.java : 159] ==> Parameters: 栏目8(String), 1(String), 0(Long), 1561086039576(Long), 0(Long), 1561086039576(Long)
2019-06-21 11:00:39,638 [DEBUG] [main] com.ddc.server.mapper.DDCProgramaMapper.insert [BaseJdbcLogger.java : 159] <==    Updates: 1
2019-06-21 11:00:39,642 [DEBUG] [main] com.ddc.server.mapper.DDCProgramaMapper.insert [BaseJdbcLogger.java : 159] ==>  Preparing: INSERT INTO ddc_programa ( `name`, `type`, create_by, create_time, update_by, update_time ) VALUES ( ?, ?, ?, ?, ?, ? ) 
2019-06-21 11:00:39,643 [DEBUG] [main] com.ddc.server.mapper.DDCProgramaMapper.insert [BaseJdbcLogger.java : 159] ==> Parameters: 栏目9(String), 1(String), 0(Long), 1561086039640(Long), 0(Long), 1561086039640(Long)
2019-06-21 11:00:39,706 [DEBUG] [main] com.ddc.server.mapper.DDCProgramaMapper.insert [BaseJdbcLogger.java : 159] <==    Updates: 1
2019-06-21 11:00:39,708 [DEBUG] [main] com.ddc.server.mapper.DDCProgramaMapper.insert [BaseJdbcLogger.java : 159] ==>  Preparing: INSERT INTO ddc_programa ( `name`, `type`, create_by, create_time, update_by, update_time ) VALUES ( ?, ?, ?, ?, ?, ? ) 
2019-06-21 11:00:39,709 [DEBUG] [main] com.ddc.server.mapper.DDCProgramaMapper.insert [BaseJdbcLogger.java : 159] ==> Parameters: 栏目10(String), 1(String), 0(Long), 1561086039707(Long), 0(Long), 1561086039707(Long)
2019-06-21 11:00:39,783 [DEBUG] [main] com.ddc.server.mapper.DDCProgramaMapper.insert [BaseJdbcLogger.java : 159] <==    Updates: 1
2019-06-21 11:00:39,786 [DEBUG] [main] com.ddc.server.mapper.DDCProgramaMapper.insert [BaseJdbcLogger.java : 159] ==>  Preparing: INSERT INTO ddc_programa ( `name`, `type`, create_by, create_time, update_by, update_time ) VALUES ( ?, ?, ?, ?, ?, ? ) 
2019-06-21 11:00:39,787 [DEBUG] [main] com.ddc.server.mapper.DDCProgramaMapper.insert [BaseJdbcLogger.java : 159] ==> Parameters: 栏目11(String), 1(String), 0(Long), 1561086039785(Long), 0(Long), 1561086039785(Long)
2019-06-21 11:00:39,854 [DEBUG] [main] com.ddc.server.mapper.DDCProgramaMapper.insert [BaseJdbcLogger.java : 159] <==    Updates: 1
2019-06-21 11:00:39,858 [DEBUG] [main] com.ddc.server.mapper.DDCProgramaMapper.insert [BaseJdbcLogger.java : 159] ==>  Preparing: INSERT INTO ddc_programa ( `name`, `type`, create_by, create_time, update_by, update_time ) VALUES ( ?, ?, ?, ?, ?, ? ) 
2019-06-21 11:00:39,860 [DEBUG] [main] com.ddc.server.mapper.DDCProgramaMapper.insert [BaseJdbcLogger.java : 159] ==> Parameters: 栏目12(String), 1(String), 0(Long), 1561086039857(Long), 0(Long), 1561086039857(Long)
2019-06-21 11:00:40,038 [DEBUG] [main] com.ddc.server.mapper.DDCProgramaMapper.insert [BaseJdbcLogger.java : 159] <==    Updates: 1
2019-06-21 11:00:40,043 [DEBUG] [main] com.ddc.server.mapper.DDCProgramaMapper.insert [BaseJdbcLogger.java : 159] ==>  Preparing: INSERT INTO ddc_programa ( `name`, `type`, create_by, create_time, update_by, update_time ) VALUES ( ?, ?, ?, ?, ?, ? ) 
2019-06-21 11:00:40,045 [DEBUG] [main] com.ddc.server.mapper.DDCProgramaMapper.insert [BaseJdbcLogger.java : 159] ==> Parameters: 栏目13(String), 1(String), 0(Long), 1561086040040(Long), 0(Long), 1561086040040(Long)
2019-06-21 11:00:40,110 [DEBUG] [main] com.ddc.server.mapper.DDCProgramaMapper.insert [BaseJdbcLogger.java : 159] <==    Updates: 1
2019-06-21 11:00:40,115 [DEBUG] [main] com.ddc.server.mapper.DDCProgramaMapper.insert [BaseJdbcLogger.java : 159] ==>  Preparing: INSERT INTO ddc_programa ( `name`, `type`, create_by, create_time, update_by, update_time ) VALUES ( ?, ?, ?, ?, ?, ? ) 
2019-06-21 11:00:40,118 [DEBUG] [main] com.ddc.server.mapper.DDCProgramaMapper.insert [BaseJdbcLogger.java : 159] ==> Parameters: 栏目14(String), 1(String), 0(Long), 1561086040113(Long), 0(Long), 1561086040113(Long)
2019-06-21 11:00:40,187 [DEBUG] [main] com.ddc.server.mapper.DDCProgramaMapper.insert [BaseJdbcLogger.java : 159] <==    Updates: 1
2019-06-21 11:00:40,190 [DEBUG] [main] com.ddc.server.mapper.DDCProgramaMapper.insert [BaseJdbcLogger.java : 159] ==>  Preparing: INSERT INTO ddc_programa ( `name`, `type`, create_by, create_time, update_by, update_time ) VALUES ( ?, ?, ?, ?, ?, ? ) 
2019-06-21 11:00:40,192 [DEBUG] [main] com.ddc.server.mapper.DDCProgramaMapper.insert [BaseJdbcLogger.java : 159] ==> Parameters: 栏目15(String), 1(String), 0(Long), 1561086040188(Long), 0(Long), 1561086040188(Long)
2019-06-21 11:00:40,277 [DEBUG] [main] com.ddc.server.mapper.DDCProgramaMapper.insert [BaseJdbcLogger.java : 159] <==    Updates: 1
2019-06-21 11:00:40,286 [DEBUG] [main] com.ddc.server.mapper.DDCProgramaMapper.insert [BaseJdbcLogger.java : 159] ==>  Preparing: INSERT INTO ddc_programa ( `name`, `type`, create_by, create_time, update_by, update_time ) VALUES ( ?, ?, ?, ?, ?, ? ) 
2019-06-21 11:00:40,298 [DEBUG] [main] com.ddc.server.mapper.DDCProgramaMapper.insert [BaseJdbcLogger.java : 159] ==> Parameters: 栏目16(String), 1(String), 0(Long), 1561086040283(Long), 0(Long), 1561086040283(Long)
2019-06-21 11:00:40,404 [DEBUG] [main] com.ddc.server.mapper.DDCProgramaMapper.insert [BaseJdbcLogger.java : 159] <==    Updates: 1
2019-06-21 11:00:40,409 [DEBUG] [main] com.ddc.server.mapper.DDCProgramaMapper.insert [BaseJdbcLogger.java : 159] ==>  Preparing: INSERT INTO ddc_programa ( `name`, `type`, create_by, create_time, update_by, update_time ) VALUES ( ?, ?, ?, ?, ?, ? ) 
2019-06-21 11:00:40,410 [DEBUG] [main] com.ddc.server.mapper.DDCProgramaMapper.insert [BaseJdbcLogger.java : 159] ==> Parameters: 栏目17(String), 1(String), 0(Long), 1561086040406(Long), 0(Long), 1561086040406(Long)
2019-06-21 11:00:40,514 [DEBUG] [main] com.ddc.server.mapper.DDCProgramaMapper.insert [BaseJdbcLogger.java : 159] <==    Updates: 1
2019-06-21 11:00:40,518 [DEBUG] [main] com.ddc.server.mapper.DDCProgramaMapper.insert [BaseJdbcLogger.java : 159] ==>  Preparing: INSERT INTO ddc_programa ( `name`, `type`, create_by, create_time, update_by, update_time ) VALUES ( ?, ?, ?, ?, ?, ? ) 
2019-06-21 11:00:40,519 [DEBUG] [main] com.ddc.server.mapper.DDCProgramaMapper.insert [BaseJdbcLogger.java : 159] ==> Parameters: 栏目18(String), 1(String), 0(Long), 1561086040516(Long), 0(Long), 1561086040516(Long)
2019-06-21 11:00:40,571 [DEBUG] [main] com.ddc.server.mapper.DDCProgramaMapper.insert [BaseJdbcLogger.java : 159] <==    Updates: 1
2019-06-21 11:00:40,574 [DEBUG] [main] com.ddc.server.mapper.DDCProgramaMapper.insert [BaseJdbcLogger.java : 159] ==>  Preparing: INSERT INTO ddc_programa ( `name`, `type`, create_by, create_time, update_by, update_time ) VALUES ( ?, ?, ?, ?, ?, ? ) 
2019-06-21 11:00:40,575 [DEBUG] [main] com.ddc.server.mapper.DDCProgramaMapper.insert [BaseJdbcLogger.java : 159] ==> Parameters: 栏目19(String), 1(String), 0(Long), 1561086040573(Long), 0(Long), 1561086040573(Long)
2019-06-21 11:00:40,648 [DEBUG] [main] com.ddc.server.mapper.DDCProgramaMapper.insert [BaseJdbcLogger.java : 159] <==    Updates: 1
2019-06-21 11:00:40,650 [DEBUG] [main] com.ddc.server.mapper.DDCProgramaMapper.insert [BaseJdbcLogger.java : 159] ==>  Preparing: INSERT INTO ddc_programa ( `name`, `type`, create_by, create_time, update_by, update_time ) VALUES ( ?, ?, ?, ?, ?, ? ) 
2019-06-21 11:00:40,651 [DEBUG] [main] com.ddc.server.mapper.DDCProgramaMapper.insert [BaseJdbcLogger.java : 159] ==> Parameters: 栏目20(String), 1(String), 0(Long), 1561086040649(Long), 0(Long), 1561086040649(Long)
2019-06-21 11:00:40,705 [DEBUG] [main] com.ddc.server.mapper.DDCProgramaMapper.insert [BaseJdbcLogger.java : 159] <==    Updates: 1
2019-06-21 11:00:40,710 [DEBUG] [main] com.ddc.server.mapper.DDCProgramaMapper.insert [BaseJdbcLogger.java : 159] ==>  Preparing: INSERT INTO ddc_programa ( `name`, `type`, create_by, create_time, update_by, update_time ) VALUES ( ?, ?, ?, ?, ?, ? ) 
2019-06-21 11:00:40,712 [DEBUG] [main] com.ddc.server.mapper.DDCProgramaMapper.insert [BaseJdbcLogger.java : 159] ==> Parameters: 栏目21(String), 1(String), 0(Long), 1561086040707(Long), 0(Long), 1561086040707(Long)
2019-06-21 11:00:40,776 [DEBUG] [main] com.ddc.server.mapper.DDCProgramaMapper.insert [BaseJdbcLogger.java : 159] <==    Updates: 1
2019-06-21 11:00:40,787 [DEBUG] [main] com.ddc.server.mapper.DDCProgramaMapper.insert [BaseJdbcLogger.java : 159] ==>  Preparing: INSERT INTO ddc_programa ( `name`, `type`, create_by, create_time, update_by, update_time ) VALUES ( ?, ?, ?, ?, ?, ? ) 
2019-06-21 11:00:40,790 [DEBUG] [main] com.ddc.server.mapper.DDCProgramaMapper.insert [BaseJdbcLogger.java : 159] ==> Parameters: 栏目22(String), 1(String), 0(Long), 1561086040782(Long), 0(Long), 1561086040782(Long)
2019-06-21 11:00:40,852 [DEBUG] [main] com.ddc.server.mapper.DDCProgramaMapper.insert [BaseJdbcLogger.java : 159] <==    Updates: 1
2019-06-21 11:00:40,855 [DEBUG] [main] com.ddc.server.mapper.DDCProgramaMapper.insert [BaseJdbcLogger.java : 159] ==>  Preparing: INSERT INTO ddc_programa ( `name`, `type`, create_by, create_time, update_by, update_time ) VALUES ( ?, ?, ?, ?, ?, ? ) 
2019-06-21 11:00:40,856 [DEBUG] [main] com.ddc.server.mapper.DDCProgramaMapper.insert [BaseJdbcLogger.java : 159] ==> Parameters: 栏目23(String), 1(String), 0(Long), 1561086040854(Long), 0(Long), 1561086040854(Long)
2019-06-21 11:00:40,948 [DEBUG] [main] com.ddc.server.mapper.DDCProgramaMapper.insert [BaseJdbcLogger.java : 159] <==    Updates: 1
2019-06-21 11:00:40,952 [DEBUG] [main] com.ddc.server.mapper.DDCProgramaMapper.insert [BaseJdbcLogger.java : 159] ==>  Preparing: INSERT INTO ddc_programa ( `name`, `type`, create_by, create_time, update_by, update_time ) VALUES ( ?, ?, ?, ?, ?, ? ) 
2019-06-21 11:00:40,954 [DEBUG] [main] com.ddc.server.mapper.DDCProgramaMapper.insert [BaseJdbcLogger.java : 159] ==> Parameters: 栏目24(String), 1(String), 0(Long), 1561086040950(Long), 0(Long), 1561086040950(Long)
2019-06-21 11:00:41,015 [DEBUG] [main] com.ddc.server.mapper.DDCProgramaMapper.insert [BaseJdbcLogger.java : 159] <==    Updates: 1
2019-06-21 11:00:41,062 [INFO] [Thread-2] o.s.scheduling.concurrent.ThreadPoolTaskExecutor [ExecutorConfigurationSupport.java : 208] Shutting down ExecutorService 'taskAsyncPool'
2019-06-21 11:00:41,063 [INFO] [Thread-2] o.s.scheduling.concurrent.ThreadPoolTaskExecutor [ExecutorConfigurationSupport.java : 208] Shutting down ExecutorService 'taskExecutor'
2019-06-21 11:00:41,081 [INFO] [Thread-2] com.alibaba.druid.pool.DruidDataSource [DruidDataSource.java : 1712] {dataSource-1} closed
