2019-06-23 20:07:17,708 [INFO] [main] com.ddc.server.DDCServerApplication [StartupInfoLogger.java : 50] Starting DDCServerApplication on SKY-20180807JXC with PID 11736 (started by Administrator in C:\Users\Administrator\Documents\Tencent Files\1748808318\FileRecv\ddc-parent)
2019-06-23 20:07:17,773 [INFO] [main] com.ddc.server.DDCServerApplication [SpringApplication.java : 675] No active profile set, falling back to default profiles: default
2019-06-23 20:07:27,796 [INFO] [main] o.s.c.s.PostProcessorRegistrationDelegate$BeanPostProcessorChecker [PostProcessorRegistrationDelegate.java : 330] Bean 'transactionalConfig' of type [com.ddc.server.config.db.TransactionalConfig$$EnhancerBySpringCGLIB$$e1bfaac5] is not eligible for getting processed by all BeanPostProcessors (for example: not eligible for auto-proxying)
2019-06-23 20:07:28,382 [INFO] [main] o.s.c.s.PostProcessorRegistrationDelegate$BeanPostProcessorChecker [PostProcessorRegistrationDelegate.java : 330] Bean 'org.springframework.transaction.annotation.ProxyTransactionManagementConfiguration' of type [org.springframework.transaction.annotation.ProxyTransactionManagementConfiguration$$EnhancerBySpringCGLIB$$2461a8c] is not eligible for getting processed by all BeanPostProcessors (for example: not eligible for auto-proxying)
2019-06-23 20:07:28,448 [INFO] [main] o.s.c.s.PostProcessorRegistrationDelegate$BeanPostProcessorChecker [PostProcessorRegistrationDelegate.java : 330] Bean 'shiroConfig' of type [com.ddc.server.shiro.ShiroConfig$$EnhancerBySpringCGLIB$$93e8fa54] is not eligible for getting processed by all BeanPostProcessors (for example: not eligible for auto-proxying)
2019-06-23 20:07:28,528 [INFO] [main] o.s.c.s.PostProcessorRegistrationDelegate$BeanPostProcessorChecker [PostProcessorRegistrationDelegate.java : 330] Bean 'hashedCredentialsMatcher' of type [org.apache.shiro.authc.credential.HashedCredentialsMatcher] is not eligible for getting processed by all BeanPostProcessors (for example: not eligible for auto-proxying)
2019-06-23 20:07:28,552 [INFO] [main] o.s.c.s.PostProcessorRegistrationDelegate$BeanPostProcessorChecker [PostProcessorRegistrationDelegate.java : 330] Bean 'myRealm' of type [com.ddc.server.shiro.MyRealm] is not eligible for getting processed by all BeanPostProcessors (for example: not eligible for auto-proxying)
2019-06-23 20:07:30,371 [INFO] [main] o.s.c.s.PostProcessorRegistrationDelegate$BeanPostProcessorChecker [PostProcessorRegistrationDelegate.java : 330] Bean 'securityManager' of type [org.apache.shiro.web.mgt.DefaultWebSecurityManager] is not eligible for getting processed by all BeanPostProcessors (for example: not eligible for auto-proxying)
2019-06-23 20:07:30,400 [INFO] [main] o.s.c.s.PostProcessorRegistrationDelegate$BeanPostProcessorChecker [PostProcessorRegistrationDelegate.java : 330] Bean 'org.springframework.hateoas.config.HateoasConfiguration' of type [org.springframework.hateoas.config.HateoasConfiguration$$EnhancerBySpringCGLIB$$81c667be] is not eligible for getting processed by all BeanPostProcessors (for example: not eligible for auto-proxying)
2019-06-23 20:07:32,002 [INFO] [main] org.springframework.boot.web.embedded.tomcat.TomcatWebServer [TomcatWebServer.java : 90] Tomcat initialized with port(s): 8086 (http)
2019-06-23 20:07:32,181 [INFO] [main] org.apache.catalina.core.StandardService [DirectJDKLog.java : 173] Starting service [Tomcat]
2019-06-23 20:07:32,182 [INFO] [main] org.apache.catalina.core.StandardEngine [DirectJDKLog.java : 173] Starting Servlet engine: [Apache Tomcat/9.0.19]
2019-06-23 20:07:33,359 [INFO] [main] org.apache.jasper.servlet.TldScanner [DirectJDKLog.java : 173] At least one JAR was scanned for TLDs yet contained no TLDs. Enable debug logging for this logger for a complete list of JARs that were scanned but no TLDs were found in them. Skipping unneeded JARs during scanning can improve startup time and JSP compilation time.
2019-06-23 20:07:33,376 [INFO] [main] o.a.catalina.core.ContainerBase.[Tomcat].[localhost].[/] [DirectJDKLog.java : 173] Initializing Spring embedded WebApplicationContext
2019-06-23 20:07:33,376 [INFO] [main] org.springframework.web.context.ContextLoader [ServletWebServerApplicationContext.java : 296] Root WebApplicationContext: initialization completed in 14406 ms
2019-06-23 20:07:41,720 [INFO] [main] com.alibaba.druid.pool.DruidDataSource [DruidDataSource.java : 932] {dataSource-1} inited
2019-06-23 20:07:43,785 [INFO] [main] o.s.scheduling.concurrent.ThreadPoolTaskExecutor [ExecutorConfigurationSupport.java : 171] Initializing ExecutorService 'taskExecutor'
2019-06-23 20:07:43,793 [INFO] [main] o.s.scheduling.concurrent.ThreadPoolTaskExecutor [ExecutorConfigurationSupport.java : 171] Initializing ExecutorService
2019-06-23 20:07:43,795 [INFO] [main] o.s.scheduling.concurrent.ThreadPoolTaskExecutor [ExecutorConfigurationSupport.java : 171] Initializing ExecutorService 'taskAsyncPool'
2019-06-23 20:07:45,027 [INFO] [main] o.s.boot.autoconfigure.web.servlet.WelcomePageHandlerMapping [WelcomePageHandlerMapping.java : 61] Adding welcome page template: index
2019-06-23 20:07:46,706 [INFO] [main] org.springframework.boot.web.embedded.tomcat.TomcatWebServer [TomcatWebServer.java : 204] Tomcat started on port(s): 8086 (http) with context path ''
2019-06-23 20:07:46,723 [INFO] [main] com.ddc.server.DDCServerApplication [StartupInfoLogger.java : 59] Started DDCServerApplication in 33.986 seconds (JVM running for 47.16)
2019-06-23 20:07:46,801 [INFO] [main] com.ddc.server.config.web.PassUrlScanner [PassUrlScanner.java : 39] @Pass:[Constant.URLInfo(url=/index, className=com.ddc.server.controller.IndexController, pass=true, method=index, methodType=org.springframework.web.bind.annotation.RequestMapping)]
2019-06-23 20:07:46,802 [INFO] [main] com.ddc.server.config.web.PassUrlScanner [PassUrlScanner.java : 40] @Pass size:1
2019-06-23 20:27:22,176 [INFO] [http-nio-8086-exec-1] o.a.catalina.core.ContainerBase.[Tomcat].[localhost].[/] [DirectJDKLog.java : 173] Initializing Spring DispatcherServlet 'dispatcherServlet'
2019-06-23 20:27:22,177 [INFO] [http-nio-8086-exec-1] org.springframework.web.servlet.DispatcherServlet [FrameworkServlet.java : 524] Initializing Servlet 'dispatcherServlet'
2019-06-23 20:27:22,243 [INFO] [http-nio-8086-exec-1] org.springframework.web.servlet.DispatcherServlet [FrameworkServlet.java : 546] Completed initialization in 64 ms
2019-06-23 20:27:33,937 [DEBUG] [http-nio-8086-exec-5] com.ddc.server.mapper.DDCAdminMapper.selectOne [BaseJdbcLogger.java : 159] ==>  Preparing: SELECT id AS id,`name`,`password`,salt,sex,mobile,email,role_id AS roleId,remark,create_time AS createTime,create_by AS createBy,update_by AS updateBy,update_time AS updateTime,`status`,del_flag AS delFlag FROM ddc_admin WHERE `name`=? 
2019-06-23 20:27:35,080 [DEBUG] [http-nio-8086-exec-5] com.ddc.server.mapper.DDCAdminMapper.selectOne [BaseJdbcLogger.java : 159] ==> Parameters: root(String)
2019-06-23 20:27:36,293 [DEBUG] [http-nio-8086-exec-5] com.ddc.server.mapper.DDCAdminMapper.selectOne [BaseJdbcLogger.java : 159] <==      Total: 1
2019-06-23 20:27:37,507 [INFO] [http-nio-8086-exec-7] com.ddc.server.controller.IndexController [IndexController.java : 31] {"createBy":0,"createTime":1560619499537,"delFlag":0,"email":"hello@qq.com","id":1139946923277545474,"mobile":"13812341234","name":"root","password":"f2f337ace5db36a0f83d726f31eb66ff","roleId":1,"salt":"root_0ba80d42-8f92-4374-85be-fef484195bcc","sex":0,"status":0,"updateBy":0,"updateTime":1560619499537}
2019-06-23 20:27:37,900 [DEBUG] [http-nio-8086-exec-7] com.ddc.server.mapper.DDCAdminMapper.selectOne [BaseJdbcLogger.java : 159] ==>  Preparing: SELECT id AS id,`name`,`password`,salt,sex,mobile,email,role_id AS roleId,remark,create_time AS createTime,create_by AS createBy,update_by AS updateBy,update_time AS updateTime,`status`,del_flag AS delFlag FROM ddc_admin 
2019-06-23 20:27:37,910 [DEBUG] [http-nio-8086-exec-7] com.ddc.server.mapper.DDCAdminMapper.selectOne [BaseJdbcLogger.java : 159] ==> Parameters: 
2019-06-23 20:27:37,920 [DEBUG] [http-nio-8086-exec-7] com.ddc.server.mapper.DDCAdminMapper.selectOne [BaseJdbcLogger.java : 159] <==      Total: 1
2019-06-23 20:27:37,984 [DEBUG] [http-nio-8086-exec-7] com.ddc.server.mapper.DDCRoleAuthMapper.selectList [BaseJdbcLogger.java : 159] ==>  Preparing: SELECT id AS id,role_id AS roleId,auth_id AS authId FROM dcc_role_auth WHERE (role_id = ?) 
2019-06-23 20:27:37,997 [DEBUG] [http-nio-8086-exec-7] com.ddc.server.mapper.DDCRoleAuthMapper.selectList [BaseJdbcLogger.java : 159] ==> Parameters: 1(Long)
2019-06-23 20:27:38,091 [DEBUG] [http-nio-8086-exec-7] com.ddc.server.mapper.DDCRoleAuthMapper.selectList [BaseJdbcLogger.java : 159] <==      Total: 19
2019-06-23 20:27:38,095 [DEBUG] [http-nio-8086-exec-7] com.ddc.server.mapper.DDCAuthMapper.selectById [BaseJdbcLogger.java : 159] ==>  Preparing: SELECT id AS id,`name`,flag,p_id AS pId,`level`,create_time AS createTime,create_by AS createBy,update_by AS updateBy,update_time AS updateTime,del_flag AS delFlag FROM ddc_authority WHERE id=? 
2019-06-23 20:27:38,098 [DEBUG] [http-nio-8086-exec-7] com.ddc.server.mapper.DDCAuthMapper.selectById [BaseJdbcLogger.java : 159] ==> Parameters: 1139936537677512705(Long)
2019-06-23 20:27:38,116 [DEBUG] [http-nio-8086-exec-7] com.ddc.server.mapper.DDCAuthMapper.selectById [BaseJdbcLogger.java : 159] <==      Total: 1
2019-06-23 20:27:38,118 [DEBUG] [http-nio-8086-exec-7] com.ddc.server.mapper.DDCAuthMapper.selectById [BaseJdbcLogger.java : 159] ==>  Preparing: SELECT id AS id,`name`,flag,p_id AS pId,`level`,create_time AS createTime,create_by AS createBy,update_by AS updateBy,update_time AS updateTime,del_flag AS delFlag FROM ddc_authority WHERE id=? 
2019-06-23 20:27:38,119 [DEBUG] [http-nio-8086-exec-7] com.ddc.server.mapper.DDCAuthMapper.selectById [BaseJdbcLogger.java : 159] ==> Parameters: 1139936538944192514(Long)
2019-06-23 20:27:38,124 [DEBUG] [http-nio-8086-exec-7] com.ddc.server.mapper.DDCAuthMapper.selectById [BaseJdbcLogger.java : 159] <==      Total: 1
2019-06-23 20:27:38,127 [DEBUG] [http-nio-8086-exec-7] com.ddc.server.mapper.DDCAuthMapper.selectById [BaseJdbcLogger.java : 159] ==>  Preparing: SELECT id AS id,`name`,flag,p_id AS pId,`level`,create_time AS createTime,create_by AS createBy,update_by AS updateBy,update_time AS updateTime,del_flag AS delFlag FROM ddc_authority WHERE id=? 
2019-06-23 20:27:38,128 [DEBUG] [http-nio-8086-exec-7] com.ddc.server.mapper.DDCAuthMapper.selectById [BaseJdbcLogger.java : 159] ==> Parameters: 1139936539090993153(Long)
2019-06-23 20:27:38,132 [DEBUG] [http-nio-8086-exec-7] com.ddc.server.mapper.DDCAuthMapper.selectById [BaseJdbcLogger.java : 159] <==      Total: 1
2019-06-23 20:27:38,134 [DEBUG] [http-nio-8086-exec-7] com.ddc.server.mapper.DDCAuthMapper.selectById [BaseJdbcLogger.java : 159] ==>  Preparing: SELECT id AS id,`name`,flag,p_id AS pId,`level`,create_time AS createTime,create_by AS createBy,update_by AS updateBy,update_time AS updateTime,del_flag AS delFlag FROM ddc_authority WHERE id=? 
2019-06-23 20:27:38,135 [DEBUG] [http-nio-8086-exec-7] com.ddc.server.mapper.DDCAuthMapper.selectById [BaseJdbcLogger.java : 159] ==> Parameters: 1139936539376205826(Long)
2019-06-23 20:27:38,139 [DEBUG] [http-nio-8086-exec-7] com.ddc.server.mapper.DDCAuthMapper.selectById [BaseJdbcLogger.java : 159] <==      Total: 1
2019-06-23 20:27:38,141 [DEBUG] [http-nio-8086-exec-7] com.ddc.server.mapper.DDCAuthMapper.selectById [BaseJdbcLogger.java : 159] ==>  Preparing: SELECT id AS id,`name`,flag,p_id AS pId,`level`,create_time AS createTime,create_by AS createBy,update_by AS updateBy,update_time AS updateTime,del_flag AS delFlag FROM ddc_authority WHERE id=? 
2019-06-23 20:27:38,141 [DEBUG] [http-nio-8086-exec-7] com.ddc.server.mapper.DDCAuthMapper.selectById [BaseJdbcLogger.java : 159] ==> Parameters: 1139936539653029890(Long)
2019-06-23 20:27:38,146 [DEBUG] [http-nio-8086-exec-7] com.ddc.server.mapper.DDCAuthMapper.selectById [BaseJdbcLogger.java : 159] <==      Total: 1
2019-06-23 20:27:38,148 [DEBUG] [http-nio-8086-exec-7] com.ddc.server.mapper.DDCAuthMapper.selectById [BaseJdbcLogger.java : 159] ==>  Preparing: SELECT id AS id,`name`,flag,p_id AS pId,`level`,create_time AS createTime,create_by AS createBy,update_by AS updateBy,update_time AS updateTime,del_flag AS delFlag FROM ddc_authority WHERE id=? 
2019-06-23 20:27:38,149 [DEBUG] [http-nio-8086-exec-7] com.ddc.server.mapper.DDCAuthMapper.selectById [BaseJdbcLogger.java : 159] ==> Parameters: 1139936539791441922(Long)
2019-06-23 20:27:38,152 [DEBUG] [http-nio-8086-exec-7] com.ddc.server.mapper.DDCAuthMapper.selectById [BaseJdbcLogger.java : 159] <==      Total: 1
2019-06-23 20:27:38,153 [DEBUG] [http-nio-8086-exec-7] com.ddc.server.mapper.DDCAuthMapper.selectById [BaseJdbcLogger.java : 159] ==>  Preparing: SELECT id AS id,`name`,flag,p_id AS pId,`level`,create_time AS createTime,create_by AS createBy,update_by AS updateBy,update_time AS updateTime,del_flag AS delFlag FROM ddc_authority WHERE id=? 
2019-06-23 20:27:38,154 [DEBUG] [http-nio-8086-exec-7] com.ddc.server.mapper.DDCAuthMapper.selectById [BaseJdbcLogger.java : 159] ==> Parameters: 1139941078108061698(Long)
2019-06-23 20:27:38,156 [DEBUG] [http-nio-8086-exec-7] com.ddc.server.mapper.DDCAuthMapper.selectById [BaseJdbcLogger.java : 159] <==      Total: 1
2019-06-23 20:27:38,158 [DEBUG] [http-nio-8086-exec-7] com.ddc.server.mapper.DDCAuthMapper.selectById [BaseJdbcLogger.java : 159] ==>  Preparing: SELECT id AS id,`name`,flag,p_id AS pId,`level`,create_time AS createTime,create_by AS createBy,update_by AS updateBy,update_time AS updateTime,del_flag AS delFlag FROM ddc_authority WHERE id=? 
2019-06-23 20:27:38,158 [DEBUG] [http-nio-8086-exec-7] com.ddc.server.mapper.DDCAuthMapper.selectById [BaseJdbcLogger.java : 159] ==> Parameters: 1139941079345381377(Long)
2019-06-23 20:27:38,161 [DEBUG] [http-nio-8086-exec-7] com.ddc.server.mapper.DDCAuthMapper.selectById [BaseJdbcLogger.java : 159] <==      Total: 1
2019-06-23 20:27:38,163 [DEBUG] [http-nio-8086-exec-7] com.ddc.server.mapper.DDCAuthMapper.selectById [BaseJdbcLogger.java : 159] ==>  Preparing: SELECT id AS id,`name`,flag,p_id AS pId,`level`,create_time AS createTime,create_by AS createBy,update_by AS updateBy,update_time AS updateTime,del_flag AS delFlag FROM ddc_authority WHERE id=? 
2019-06-23 20:27:38,164 [DEBUG] [http-nio-8086-exec-7] com.ddc.server.mapper.DDCAuthMapper.selectById [BaseJdbcLogger.java : 159] ==> Parameters: 1139941079458627585(Long)
2019-06-23 20:27:38,166 [DEBUG] [http-nio-8086-exec-7] com.ddc.server.mapper.DDCAuthMapper.selectById [BaseJdbcLogger.java : 159] <==      Total: 1
2019-06-23 20:27:38,168 [DEBUG] [http-nio-8086-exec-7] com.ddc.server.mapper.DDCAuthMapper.selectById [BaseJdbcLogger.java : 159] ==>  Preparing: SELECT id AS id,`name`,flag,p_id AS pId,`level`,create_time AS createTime,create_by AS createBy,update_by AS updateBy,update_time AS updateTime,del_flag AS delFlag FROM ddc_authority WHERE id=? 
2019-06-23 20:27:38,168 [DEBUG] [http-nio-8086-exec-7] com.ddc.server.mapper.DDCAuthMapper.selectById [BaseJdbcLogger.java : 159] ==> Parameters: 1139941079752228866(Long)
2019-06-23 20:27:38,170 [DEBUG] [http-nio-8086-exec-7] com.ddc.server.mapper.DDCAuthMapper.selectById [BaseJdbcLogger.java : 159] <==      Total: 1
2019-06-23 20:27:38,171 [DEBUG] [http-nio-8086-exec-7] com.ddc.server.mapper.DDCAuthMapper.selectById [BaseJdbcLogger.java : 159] ==>  Preparing: SELECT id AS id,`name`,flag,p_id AS pId,`level`,create_time AS createTime,create_by AS createBy,update_by AS updateBy,update_time AS updateTime,del_flag AS delFlag FROM ddc_authority WHERE id=? 
2019-06-23 20:27:38,172 [DEBUG] [http-nio-8086-exec-7] com.ddc.server.mapper.DDCAuthMapper.selectById [BaseJdbcLogger.java : 159] ==> Parameters: 1139941080033247234(Long)
2019-06-23 20:27:38,174 [DEBUG] [http-nio-8086-exec-7] com.ddc.server.mapper.DDCAuthMapper.selectById [BaseJdbcLogger.java : 159] <==      Total: 1
2019-06-23 20:27:38,176 [DEBUG] [http-nio-8086-exec-7] com.ddc.server.mapper.DDCAuthMapper.selectById [BaseJdbcLogger.java : 159] ==>  Preparing: SELECT id AS id,`name`,flag,p_id AS pId,`level`,create_time AS createTime,create_by AS createBy,update_by AS updateBy,update_time AS updateTime,del_flag AS delFlag FROM ddc_authority WHERE id=? 
2019-06-23 20:27:38,177 [DEBUG] [http-nio-8086-exec-7] com.ddc.server.mapper.DDCAuthMapper.selectById [BaseJdbcLogger.java : 159] ==> Parameters: 1139941080171659266(Long)
2019-06-23 20:27:38,178 [DEBUG] [http-nio-8086-exec-7] com.ddc.server.mapper.DDCAuthMapper.selectById [BaseJdbcLogger.java : 159] <==      Total: 1
2019-06-23 20:27:38,180 [DEBUG] [http-nio-8086-exec-7] com.ddc.server.mapper.DDCAuthMapper.selectById [BaseJdbcLogger.java : 159] ==>  Preparing: SELECT id AS id,`name`,flag,p_id AS pId,`level`,create_time AS createTime,create_by AS createBy,update_by AS updateBy,update_time AS updateTime,del_flag AS delFlag FROM ddc_authority WHERE id=? 
2019-06-23 20:27:38,182 [DEBUG] [http-nio-8086-exec-7] com.ddc.server.mapper.DDCAuthMapper.selectById [BaseJdbcLogger.java : 159] ==> Parameters: 1139941080310071298(Long)
2019-06-23 20:27:38,186 [DEBUG] [http-nio-8086-exec-7] com.ddc.server.mapper.DDCAuthMapper.selectById [BaseJdbcLogger.java : 159] <==      Total: 1
2019-06-23 20:27:38,189 [DEBUG] [http-nio-8086-exec-7] com.ddc.server.mapper.DDCAuthMapper.selectById [BaseJdbcLogger.java : 159] ==>  Preparing: SELECT id AS id,`name`,flag,p_id AS pId,`level`,create_time AS createTime,create_by AS createBy,update_by AS updateBy,update_time AS updateTime,del_flag AS delFlag FROM ddc_authority WHERE id=? 
2019-06-23 20:27:38,190 [DEBUG] [http-nio-8086-exec-7] com.ddc.server.mapper.DDCAuthMapper.selectById [BaseJdbcLogger.java : 159] ==> Parameters: 1139941080435900417(Long)
2019-06-23 20:27:38,194 [DEBUG] [http-nio-8086-exec-7] com.ddc.server.mapper.DDCAuthMapper.selectById [BaseJdbcLogger.java : 159] <==      Total: 1
2019-06-23 20:27:38,195 [DEBUG] [http-nio-8086-exec-7] com.ddc.server.mapper.DDCAuthMapper.selectById [BaseJdbcLogger.java : 159] ==>  Preparing: SELECT id AS id,`name`,flag,p_id AS pId,`level`,create_time AS createTime,create_by AS createBy,update_by AS updateBy,update_time AS updateTime,del_flag AS delFlag FROM ddc_authority WHERE id=? 
2019-06-23 20:27:38,196 [DEBUG] [http-nio-8086-exec-7] com.ddc.server.mapper.DDCAuthMapper.selectById [BaseJdbcLogger.java : 159] ==> Parameters: 1139941080591089666(Long)
2019-06-23 20:27:38,198 [DEBUG] [http-nio-8086-exec-7] com.ddc.server.mapper.DDCAuthMapper.selectById [BaseJdbcLogger.java : 159] <==      Total: 1
2019-06-23 20:27:38,199 [DEBUG] [http-nio-8086-exec-7] com.ddc.server.mapper.DDCAuthMapper.selectById [BaseJdbcLogger.java : 159] ==>  Preparing: SELECT id AS id,`name`,flag,p_id AS pId,`level`,create_time AS createTime,create_by AS createBy,update_by AS updateBy,update_time AS updateTime,del_flag AS delFlag FROM ddc_authority WHERE id=? 
2019-06-23 20:27:38,200 [DEBUG] [http-nio-8086-exec-7] com.ddc.server.mapper.DDCAuthMapper.selectById [BaseJdbcLogger.java : 159] ==> Parameters: 1139941080721113089(Long)
2019-06-23 20:27:38,204 [DEBUG] [http-nio-8086-exec-7] com.ddc.server.mapper.DDCAuthMapper.selectById [BaseJdbcLogger.java : 159] <==      Total: 1
2019-06-23 20:27:38,205 [DEBUG] [http-nio-8086-exec-7] com.ddc.server.mapper.DDCAuthMapper.selectById [BaseJdbcLogger.java : 159] ==>  Preparing: SELECT id AS id,`name`,flag,p_id AS pId,`level`,create_time AS createTime,create_by AS createBy,update_by AS updateBy,update_time AS updateTime,del_flag AS delFlag FROM ddc_authority WHERE id=? 
2019-06-23 20:27:38,206 [DEBUG] [http-nio-8086-exec-7] com.ddc.server.mapper.DDCAuthMapper.selectById [BaseJdbcLogger.java : 159] ==> Parameters: 1139941080872108033(Long)
2019-06-23 20:27:38,208 [DEBUG] [http-nio-8086-exec-7] com.ddc.server.mapper.DDCAuthMapper.selectById [BaseJdbcLogger.java : 159] <==      Total: 1
2019-06-23 20:27:38,209 [DEBUG] [http-nio-8086-exec-7] com.ddc.server.mapper.DDCAuthMapper.selectById [BaseJdbcLogger.java : 159] ==>  Preparing: SELECT id AS id,`name`,flag,p_id AS pId,`level`,create_time AS createTime,create_by AS createBy,update_by AS updateBy,update_time AS updateTime,del_flag AS delFlag FROM ddc_authority WHERE id=? 
2019-06-23 20:27:38,210 [DEBUG] [http-nio-8086-exec-7] com.ddc.server.mapper.DDCAuthMapper.selectById [BaseJdbcLogger.java : 159] ==> Parameters: 1139941080997937154(Long)
2019-06-23 20:27:38,212 [DEBUG] [http-nio-8086-exec-7] com.ddc.server.mapper.DDCAuthMapper.selectById [BaseJdbcLogger.java : 159] <==      Total: 1
2019-06-23 20:27:38,213 [DEBUG] [http-nio-8086-exec-7] com.ddc.server.mapper.DDCAuthMapper.selectById [BaseJdbcLogger.java : 159] ==>  Preparing: SELECT id AS id,`name`,flag,p_id AS pId,`level`,create_time AS createTime,create_by AS createBy,update_by AS updateBy,update_time AS updateTime,del_flag AS delFlag FROM ddc_authority WHERE id=? 
2019-06-23 20:27:38,214 [DEBUG] [http-nio-8086-exec-7] com.ddc.server.mapper.DDCAuthMapper.selectById [BaseJdbcLogger.java : 159] ==> Parameters: 1139941081274761217(Long)
2019-06-23 20:27:38,215 [DEBUG] [http-nio-8086-exec-7] com.ddc.server.mapper.DDCAuthMapper.selectById [BaseJdbcLogger.java : 159] <==      Total: 1
2019-06-23 20:30:08,338 [INFO] [http-nio-8086-exec-10] com.ddc.server.controller.IndexController [IndexController.java : 31] {"createBy":0,"createTime":1560619499537,"delFlag":0,"email":"hello@qq.com","id":1139946923277545474,"mobile":"13812341234","name":"root","password":"f2f337ace5db36a0f83d726f31eb66ff","roleId":1,"salt":"root_0ba80d42-8f92-4374-85be-fef484195bcc","sex":0,"status":0,"updateBy":0,"updateTime":1560619499537}
2019-06-23 20:30:09,280 [DEBUG] [http-nio-8086-exec-2] com.ddc.server.mapper.DDCProgramaMapper.selectPage [BaseJdbcLogger.java : 159] ==>  Preparing: SELECT COUNT(1) FROM ddc_programa 
2019-06-23 20:30:09,289 [DEBUG] [http-nio-8086-exec-2] com.ddc.server.mapper.DDCProgramaMapper.selectPage [BaseJdbcLogger.java : 159] ==> Parameters: 
2019-06-23 20:30:09,470 [DEBUG] [http-nio-8086-exec-2] com.ddc.server.mapper.DDCProgramaMapper.selectPage [BaseJdbcLogger.java : 159] ==>  Preparing: SELECT id AS id,`name`,`type`,create_by AS createBy,create_time AS createTime,update_by AS updateBy,update_time AS updateTime,delete_flag AS delFlag FROM ddc_programa LIMIT 0,10 
2019-06-23 20:30:09,482 [DEBUG] [http-nio-8086-exec-2] com.ddc.server.mapper.DDCProgramaMapper.selectPage [BaseJdbcLogger.java : 159] ==> Parameters: 
2019-06-23 20:30:09,511 [DEBUG] [http-nio-8086-exec-2] com.ddc.server.mapper.DDCProgramaMapper.selectPage [BaseJdbcLogger.java : 159] <==      Total: 10
2019-06-23 20:33:56,574 [DEBUG] [http-nio-8086-exec-4] com.ddc.server.mapper.DDCProgramaMapper.selectPage [BaseJdbcLogger.java : 159] ==>  Preparing: SELECT COUNT(1) FROM ddc_programa WHERE (name LIKE ?) 
2019-06-23 20:33:56,578 [DEBUG] [http-nio-8086-exec-4] com.ddc.server.mapper.DDCProgramaMapper.selectPage [BaseJdbcLogger.java : 159] ==> Parameters: %1%(String)
2019-06-23 20:33:56,628 [DEBUG] [http-nio-8086-exec-4] com.ddc.server.mapper.DDCProgramaMapper.selectPage [BaseJdbcLogger.java : 159] ==>  Preparing: SELECT id AS id,`name`,`type`,create_by AS createBy,create_time AS createTime,update_by AS updateBy,update_time AS updateTime,delete_flag AS delFlag FROM ddc_programa WHERE (name LIKE ?) LIMIT 0,10 
2019-06-23 20:33:56,634 [DEBUG] [http-nio-8086-exec-4] com.ddc.server.mapper.DDCProgramaMapper.selectPage [BaseJdbcLogger.java : 159] ==> Parameters: %1%(String)
2019-06-23 20:33:56,653 [DEBUG] [http-nio-8086-exec-4] com.ddc.server.mapper.DDCProgramaMapper.selectPage [BaseJdbcLogger.java : 159] <==      Total: 10
2019-06-23 20:35:11,566 [INFO] [http-nio-8086-exec-5] com.ddc.server.controller.IndexController [IndexController.java : 31] {"createBy":0,"createTime":1560619499537,"delFlag":0,"email":"hello@qq.com","id":1139946923277545474,"mobile":"13812341234","name":"root","password":"f2f337ace5db36a0f83d726f31eb66ff","roleId":1,"salt":"root_0ba80d42-8f92-4374-85be-fef484195bcc","sex":0,"status":0,"updateBy":0,"updateTime":1560619499537}
